2019-08-08 14:21:09,049 - root - ERROR - test
2019-08-08 14:31:53,054 - root - ERROR - An exception occured!
2019-08-08 14:34:35,554 - root - ERROR - AccountNotFoundError with name user
2019-08-08 14:53:41,675 - root - ERROR - AccountNotFoundError with name oowe
2019-08-12 13:41:33,074 - root - ERROR - Transaction not possible
2019-08-12 13:42:16,305 - root - ERROR - user111 withdrawl not possible
2019-08-12 13:56:56,719 - root - ERROR - tst: withdrawl not possible
2019-08-12 16:13:21,902 - root - ERROR - AccountNotFoundError with name jbushi
2019-08-13 09:16:46,810 - root - ERROR - AccountNotFoundError with name user111
2019-08-13 09:51:54,208 - root - ERROR - AccountNotFoundError with name testuser
2019-08-13 09:51:54,268 - root - ERROR - testuser: withdrawl not possible
2019-08-13 09:57:53,691 - root - ERROR - AccountNotFoundError with name testuser
2019-08-13 09:57:53,732 - root - ERROR - testuser: withdrawl not possible
2019-08-13 09:58:23,963 - root - ERROR - AccountNotFoundError with name testuser
2019-08-13 09:58:24,117 - root - ERROR - testuser: withdrawl not possible
2019-08-13 09:59:25,168 - root - ERROR - AccountNotFoundError with name testuser
2019-08-13 09:59:25,214 - root - ERROR - testuser: withdrawl not possible
2019-08-13 10:00:00,825 - root - ERROR - AccountNotFoundError with name testuser
2019-08-13 10:00:00,917 - root - ERROR - testuser: withdrawl not possible
2019-08-13 10:04:07,651 - root - ERROR - AccountNotFoundError with name testuser
2019-08-13 10:04:07,813 - root - ERROR - testuser: withdrawl not possible
2019-08-13 10:05:44,732 - root - ERROR - AccountNotFoundError with name testuser
2019-08-13 10:05:44,788 - root - ERROR - testuser: withdrawl not possible
2019-08-13 10:07:03,879 - root - ERROR - AccountNotFoundError with name testuser
2019-08-13 10:07:03,946 - root - ERROR - testuser: withdrawl not possible
2019-08-13 10:08:40,846 - root - ERROR - AccountNotFoundError with name testuser
2019-08-13 10:08:40,897 - root - ERROR - testuser: withdrawl not possible
2019-08-13 10:17:48,667 - root - ERROR - dlawson: withdrawl not possible
2019-08-13 10:29:32,616 - root - ERROR - testuser: withdrawl not possible
2019-08-13 10:30:46,834 - root - ERROR - testuser: withdrawl not possible
2019-08-13 10:33:25,758 - root - ERROR - testuser: withdrawl not possible
